android/build/intermediates/manifest_merge_blame_file/debug/manifest-merger-blame-debug-report.txt
1<?xml version="1.0" encoding="utf-8"?>
2<manifest xmlns:android="http://schemas.android.com/apk/res/android"
3    package="com.example.appContacts"
4    android:installLocation="auto"
5    android:versionCode="1"
6    android:versionName="1.0" >
7
8    <uses-sdk
9        android:minSdkVersion="23"
9-->Contacts/android/AndroidManifest.xml
10        android:targetSdkVersion="31" />
10-->Contacts/android/AndroidManifest.xml
11
12    <uses-permission android:name="android.permission.INTERNET" />
12-->Contacts/android/AndroidManifest.xml:7:5-67
12-->Contacts/android/AndroidManifest.xml:7:22-64
13    <uses-permission android:name="android.permission.WRITE_EXTERNAL_STORAGE" />
13-->Contacts/android/AndroidManifest.xml:8:5-81
13-->Contacts/android/AndroidManifest.xml:8:22-78
14    <uses-permission android:name="android.permission.ACCESS_NETWORK_STATE" />
14-->Contacts/android/AndroidManifest.xml:9:5-79
14-->Contacts/android/AndroidManifest.xml:9:22-76
15
16    <supports-screens
16-->Contacts/android/AndroidManifest.xml:11:5-15:39
17        android:anyDensity="true"
17-->Contacts/android/AndroidManifest.xml:12:9-34
18        android:largeScreens="true"
18-->Contacts/android/AndroidManifest.xml:13:9-36
19        android:normalScreens="true"
19-->Contacts/android/AndroidManifest.xml:14:9-37
20        android:smallScreens="true" />
20-->Contacts/android/AndroidManifest.xml:15:9-36
21
22    <application
22-->Contacts/android/AndroidManifest.xml:16:5-47:19
23        android:allowBackup="true"
23-->Contacts/android/AndroidManifest.xml:21:9-35
24        android:allowNativeHeapPointerTagging="false"
24-->Contacts/android/AndroidManifest.xml:20:9-54
25        android:debuggable="true"
26        android:fullBackupOnly="false"
26-->Contacts/android/AndroidManifest.xml:22:9-39
27        android:hardwareAccelerated="true"
27-->Contacts/android/AndroidManifest.xml:17:9-43
28        android:label="appContacts"
28-->Contacts/android/AndroidManifest.xml:18:9-36
29        android:requestLegacyExternalStorage="true"
29-->Contacts/android/AndroidManifest.xml:19:9-52
30        android:testOnly="true" >
31        <activity
31-->Contacts/android/AndroidManifest.xml:23:9-46:20
32            android:name="com.example.appContacts.MainActivity"
32-->Contacts/android/AndroidManifest.xml:24:13-41
33            android:configChanges="orientation|uiMode|screenLayout|screenSize|smallestScreenSize|layoutDirection|locale|fontScale|keyboard|keyboardHidden|navigation|mcc|mnc|density"
33-->Contacts/android/AndroidManifest.xml:25:13-182
34            android:exported="true"
34-->Contacts/android/AndroidManifest.xml:29:13-36
35            android:label="appContacts"
35-->Contacts/android/AndroidManifest.xml:26:13-40
36            android:launchMode="singleTop"
36-->Contacts/android/AndroidManifest.xml:27:13-43
37            android:screenOrientation="unspecified" >
37-->Contacts/android/AndroidManifest.xml:28:13-52
38            <intent-filter>
38-->Contacts/android/AndroidManifest.xml:30:13-33:29
39                <action android:name="android.intent.action.MAIN" />
39-->Contacts/android/AndroidManifest.xml:31:17-69
39-->Contacts/android/AndroidManifest.xml:31:25-66
40
41                <category android:name="android.intent.category.LAUNCHER" />
41-->Contacts/android/AndroidManifest.xml:32:17-77
41-->Contacts/android/AndroidManifest.xml:32:27-74
42            </intent-filter>
43
44            <meta-data
44-->Contacts/android/AndroidManifest.xml:35:11-37:47
45                android:name="android.app.lib_name"
45-->Contacts/android/AndroidManifest.xml:36:17-52
46                android:value="appContacts" />
46-->Contacts/android/AndroidManifest.xml:37:17-44
47            <meta-data
47-->Contacts/android/AndroidManifest.xml:39:11-41:36
48                android:name="android.app.arguments"
48-->Contacts/android/AndroidManifest.xml:40:17-53
49                android:value="" />
49-->Contacts/android/AndroidManifest.xml:41:17-33
50            <meta-data
50-->Contacts/android/AndroidManifest.xml:43:13-45:43
51                android:name="android.app.extract_android_style"
51-->Contacts/android/AndroidManifest.xml:44:17-65
52                android:value="minimal" />
52-->Contacts/android/AndroidManifest.xml:45:17-40
53        </activity>
54    </application>
55
56</manifest>